This is pdfTeX, Version 3.1415926-2.3-1.40.12 (MiKTeX 2.9) (preloaded format=pdflatex 2017.5.12)  21 JUN 2017 17:54
entering extended mode
**bookdown-plus.tex
(D:\googledrive\a1\bookdown-plus-textbook\bookdown-plus.tex
LaTeX2e <2011/06/27>
Babel <v3.8m> and hyphenation patterns for english, afrikaans, ancientgreek, ar
abic, armenian, assamese, basque, bengali, bokmal, bulgarian, catalan, coptic, 
croatian, czech, danish, dutch, esperanto, estonian, farsi, finnish, french, ga
lician, german, german-x-2009-06-19, greek, gujarati, hindi, hungarian, iceland
ic, indonesian, interlingua, irish, italian, kannada, kurmanji, lao, latin, lat
vian, lithuanian, malayalam, marathi, mongolian, mongolianlmc, monogreek, ngerm
an, ngerman-x-2009-06-19, nynorsk, oriya, panjabi, pinyin, polish, portuguese, 
romanian, russian, sanskrit, serbian, slovak, slovenian, spanish, swedish, swis
sgerman, tamil, telugu, turkish, turkmen, ukenglish, ukrainian, uppersorbian, u
senglishmax, welsh, loaded.
("D:\Program Files\CTEX\MiKTeX\tex\latex\koma-script\scrreprt.cls"
Document Class: scrreprt 2012/03/08 v3.10a KOMA-Script document class (report)
("D:\Program Files\CTEX\MiKTeX\tex\latex\koma-script\scrkbase.sty"
Package: scrkbase 2012/03/08 v3.10a KOMA-Script package (KOMA-Script-dependent 
basics and keyval usage)
("D:\Program Files\CTEX\MiKTeX\tex\latex\koma-script\scrbase.sty"
Package: scrbase 2012/03/08 v3.10a KOMA-Script package (KOMA-Script-independent
 basics and keyval usage)
("D:\Program Files\CTEX\MiKTeX\tex\latex\graphics\keyval.sty"
Package: keyval 1999/03/16 v1.13 key=value parser (DPC)
\KV@toks@=\toks14
) ("D:\Program Files\CTEX\MiKTeX\tex\latex\koma-script\scrlfile.sty"
Package: scrlfile 2011/03/09 v3.09 KOMA-Script package (loading files)
Package scrlfile, 2011/03/09 v3.09 KOMA-Script package (loading files)
                  Copyright (C) Markus Kohm

))) ("D:\Program Files\CTEX\MiKTeX\tex\latex\koma-script\tocbasic.sty"
Package: tocbasic 2011/05/30 v3.09a KOMA-Script package (handling toc-files)
)
Package tocbasic Info: omitting babel extension for `toc'
(tocbasic)             because of feature `nobabel' available
(tocbasic)             for `toc' on input line 117.
Package tocbasic Info: omitting babel extension for `lof'
(tocbasic)             because of feature `nobabel' available
(tocbasic)             for `lof' on input line 118.
Package tocbasic Info: omitting babel extension for `lot'
(tocbasic)             because of feature `nobabel' available
(tocbasic)             for `lot' on input line 119.
Class scrreprt Info: You've used standard option `openright'.
(scrreprt)           This is correct!
(scrreprt)           Internally I'm using `open=right'.
(scrreprt)           If you'd like to set the option with \KOMAoptions,
(scrreprt)           you'd have to use `open=right' there
(scrreprt)           instead of `openright', too.
Class scrreprt Info: File `scrsize11pt.clo' used to setup font sizes on input l
ine 1363.
("D:\Program Files\CTEX\MiKTeX\tex\latex\koma-script\scrsize11pt.clo"
File: scrsize11pt.clo 2012/03/08 v3.10a KOMA-Script font size class option (11p
t)
) ("D:\Program Files\CTEX\MiKTeX\tex\latex\koma-script\typearea.sty"
Package: typearea 2012/03/08 v3.10a KOMA-Script package (type area)
Package typearea, 2012/03/08 v3.10a KOMA-Script package (type area)
                  Copyright (C) Frank Neukam, 1992-1994
                  Copyright (C) Markus Kohm, 1994-

\ta@bcor=\skip41
\ta@div=\count79
\ta@hblk=\skip42
\ta@vblk=\skip43
\ta@temp=\skip44
Package typearea Info: These are the values describing the layout:
(typearea)             DIV  = 10
(typearea)             BCOR = 14.22636pt
(typearea)             \paperwidth      = 500.76855pt
(typearea)              \textwidth      = 340.57957pt
(typearea)              DIV departure   = 5%
(typearea)              \evensidemargin = 25.03842pt
(typearea)              \oddsidemargin  = -9.38942pt
(typearea)             \paperheight     = 711.31897pt
(typearea)              \textheight     = 419.00018pt
(typearea)              \topmargin      = -1.13809pt
(typearea)              \headheight     = 17.0pt
(typearea)              \headsep        = 20.40001pt
(typearea)              \topskip        = 11.0pt
(typearea)              \footskip       = 47.60002pt
(typearea)              \baselineskip   = 13.6pt
(typearea)              on input line 1177.
)
\c@part=\count80
\c@chapter=\count81
\c@section=\count82
\c@subsection=\count83
\c@subsubsection=\count84
\c@paragraph=\count85
\c@subparagraph=\count86
\abovecaptionskip=\skip45
\belowcaptionskip=\skip46
\c@pti@nb@sid@b@x=\box26
\c@figure=\count87
\c@table=\count88
\bibindent=\dimen102
)
\c@dummy=\count89
("D:\Program Files\CTEX\MiKTeX\tex\latex\lipsum\lipsum.sty"
Package: lipsum 2011/04/14 v1.2 150 paragraphs of Lorem Ipsum dummy text
\c@lips@count=\count90
) ("D:\Program Files\CTEX\MiKTeX\tex\latex\base\inputenc.sty"
Package: inputenc 2008/03/30 v1.1d Input encoding file
\inpenc@prehook=\toks15
\inpenc@posthook=\toks16
("D:\Program Files\CTEX\MiKTeX\tex\latex\base\latin9.def"
File: latin9.def 2008/03/30 v1.1d Input encoding file
)) ("D:\Program Files\CTEX\MiKTeX\tex\generic\babel\babel.sty"
Package: babel 2008/07/08 v3.8m The Babel package
*************************************
* Local config file bblopts.cfg used
*
("D:\Program Files\CTEX\MiKTeX\tex\latex\00miktex\bblopts.cfg"
File: bblopts.cfg 2006/07/31 v1.0 MiKTeX 'babel' configuration
) ("D:\Program Files\CTEX\MiKTeX\tex\generic\babel\ngermanb.ldf"
Language: ngermanb 2008/07/06 v2.6n new German support from the babel system
("D:\Program Files\CTEX\MiKTeX\tex\generic\babel\babel.def"
File: babel.def 2008/07/08 v3.8m Babel common definitions
\babel@savecnt=\count91
\U@D=\dimen103
)
\l@naustrian = a dialect from \language\l@ngerman 
Package babel Info: Making " an active character on input line 92.
) ("D:\Program Files\CTEX\MiKTeX\tex\generic\babel\english.ldf"
Language: english 2005/03/30 v3.3o English support from the babel system
\l@canadian = a dialect from \language\l@american 
\l@australian = a dialect from \language\l@british 
\l@newzealand = a dialect from \language\l@british 
)) ("D:\Program Files\CTEX\MiKTeX\tex\latex\natbib\natbib.sty"
Package: natbib 2010/09/13 8.31b (PWD, AO)
\bibhang=\skip47
\bibsep=\skip48
LaTeX Info: Redefining \cite on input line 694.
\c@NAT@ctr=\count92
) ("D:\Program Files\CTEX\MiKTeX\tex\latex\ams\math\amsmath.sty"
Package: amsmath 2000/07/18 v2.13 AMS math features
\@mathmargin=\skip49
For additional information on amsmath, use the `?' option.
("D:\Program Files\CTEX\MiKTeX\tex\latex\ams\math\amstext.sty"
Package: amstext 2000/06/29 v2.01
("D:\Program Files\CTEX\MiKTeX\tex\latex\ams\math\amsgen.sty"
File: amsgen.sty 1999/11/30 v2.0
\@emptytoks=\toks17
\ex@=\dimen104
)) ("D:\Program Files\CTEX\MiKTeX\tex\latex\ams\math\amsbsy.sty"
Package: amsbsy 1999/11/29 v1.2d
\pmbraise@=\dimen105
) ("D:\Program Files\CTEX\MiKTeX\tex\latex\ams\math\amsopn.sty"
Package: amsopn 1999/12/14 v2.01 operator names
)
\inf@bad=\count93
LaTeX Info: Redefining \frac on input line 211.
\uproot@=\count94
\leftroot@=\count95
LaTeX Info: Redefining \overline on input line 307.
\classnum@=\count96
\DOTSCASE@=\count97
LaTeX Info: Redefining \ldots on input line 379.
LaTeX Info: Redefining \dots on input line 382.
LaTeX Info: Redefining \cdots on input line 467.
\Mathstrutbox@=\box27
\strutbox@=\box28
\big@size=\dimen106
LaTeX Font Info:    Redeclaring font encoding OML on input line 567.
LaTeX Font Info:    Redeclaring font encoding OMS on input line 568.
\macc@depth=\count98
\c@MaxMatrixCols=\count99
\dotsspace@=\muskip10
\c@parentequation=\count100
\dspbrk@lvl=\count101
\tag@help=\toks18
\row@=\count102
\column@=\count103
\maxfields@=\count104
\andhelp@=\toks19
\eqnshift@=\dimen107
\alignsep@=\dimen108
\tagshift@=\dimen109
\tagwidth@=\dimen110
\totwidth@=\dimen111
\lineht@=\dimen112
\@envbody=\toks20
\multlinegap=\skip50
\multlinetaggap=\skip51
\mathdisplay@stack=\toks21
LaTeX Info: Redefining \[ on input line 2666.
LaTeX Info: Redefining \] on input line 2667.
) ("D:\Program Files\CTEX\MiKTeX\tex\latex\base\fontenc.sty"
Package: fontenc 2005/09/27 v1.99g Standard LaTeX package
("D:\Program Files\CTEX\MiKTeX\tex\latex\base\t1enc.def"
File: t1enc.def 2005/09/27 v1.99g Standard LaTeX file
LaTeX Font Info:    Redeclaring font encoding T1 on input line 43.
)) ("D:\Program Files\CTEX\MiKTeX\tex\latex\tools\xspace.sty"
Package: xspace 2009/10/20 v1.13 Space after command names (DPC,MH)
) ("D:\Program Files\CTEX\MiKTeX\tex\latex\mparhack\mparhack.sty"
Package: mparhack 2005/04/17 v1.4 (T. Sgouros and S. Ulrich)
) ("D:\Program Files\CTEX\MiKTeX\tex\latex\base\fixltx2e.sty"
Package: fixltx2e 2006/09/13 v1.1m fixes to LaTeX
LaTeX Info: Redefining \em on input line 420.
LaTeX Info: Redefining \textsubscript on input line 424.
LaTeX Info: The control sequence `\[' is already robust on input line 471.
LaTeX Info: The control sequence `\]' is already robust on input line 472.
) ("D:\Program Files\CTEX\MiKTeX\tex\latex\acronym\acronym.sty"
Package: acronym 2010/09/08 v1.36 Support for acronyms (Tobias Oetiker)
("D:\Program Files\CTEX\MiKTeX\tex\latex\bigfoot\suffix.sty"
Package: suffix 2006/07/15 1.5 Variant command support
) ("D:\Program Files\CTEX\MiKTeX\tex\latex\ltxmisc\relsize.sty"
Package: relsize 2003/07/04 ver 3.1
)
\AC@clearlist=\toks22
) ("D:\Program Files\CTEX\MiKTeX\tex\latex\graphics\graphicx.sty"
Package: graphicx 1999/02/16 v1.0f Enhanced LaTeX Graphics (DPC,SPQR)
("D:\Program Files\CTEX\MiKTeX\tex\latex\graphics\graphics.sty"
Package: graphics 2009/02/05 v1.0o Standard LaTeX Graphics (DPC,SPQR)
("D:\Program Files\CTEX\MiKTeX\tex\latex\graphics\trig.sty"
Package: trig 1999/03/16 v1.09 sin cos tan (DPC)
) ("D:\Program Files\CTEX\MiKTeX\tex\latex\00miktex\graphics.cfg"
File: graphics.cfg 2007/01/18 v1.5 graphics configuration of teTeX/TeXLive
)
Package graphics Info: Driver file: pdftex.def on input line 91.
("D:\Program Files\CTEX\MiKTeX\tex\latex\pdftex-def\pdftex.def"
File: pdftex.def 2011/05/27 v0.06d Graphics/color for pdfTeX
("D:\Program Files\CTEX\MiKTeX\tex\generic\oberdiek\infwarerr.sty"
Package: infwarerr 2010/04/08 v1.3 Providing info/warning/message (HO)
) ("D:\Program Files\CTEX\MiKTeX\tex\generic\oberdiek\ltxcmds.sty"
Package: ltxcmds 2011/04/18 v1.20 LaTeX kernel commands for general use (HO)
)
\Gread@gobject=\count105
))
\Gin@req@height=\dimen113
\Gin@req@width=\dimen114
) ("D:\Program Files\CTEX\MiKTeX\tex\latex\tools\tabularx.sty"
Package: tabularx 1999/01/07 v2.07 `tabularx' package (DPC)
("D:\Program Files\CTEX\MiKTeX\tex\latex\tools\array.sty"
Package: array 2008/09/09 v2.4c Tabular extension package (FMi)
\col@sep=\dimen115
\extrarowheight=\dimen116
\NC@list=\toks23
\extratabsurround=\skip52
\backup@length=\skip53
)
\TX@col@width=\dimen117
\TX@old@table=\dimen118
\TX@old@col=\dimen119
\TX@target=\dimen120
\TX@delta=\dimen121
\TX@cols=\count106
\TX@ftn=\toks24
) ("D:\Program Files\CTEX\MiKTeX\tex\latex\caption\caption.sty"
Package: caption 2011/11/10 v3.2e Customizing captions (AR)
("D:\Program Files\CTEX\MiKTeX\tex\latex\caption\caption3.sty"
Package: caption3 2011/11/01 v1.4a caption3 kernel (AR)
\captionmargin=\dimen122
\captionmargin@=\dimen123
\captionwidth=\dimen124
\caption@indent=\dimen125
\caption@parindent=\dimen126
\caption@hangindent=\dimen127
)
Package caption Info: KOMA-Script document class.
\c@ContinuedFloat=\count107
) ("D:\Program Files\CTEX\MiKTeX\tex\latex\subfig\subfig.sty"
Package: subfig 2005/06/28 ver: 1.3 subfig package
\c@KVtest=\count108
\sf@farskip=\skip54
\sf@captopadj=\dimen128
\sf@capskip=\skip55
\sf@nearskip=\skip56
\c@subfigure=\count109
\c@subfigure@save=\count110
\c@lofdepth=\count111
\c@subtable=\count112
\c@subtable@save=\count113
\c@lotdepth=\count114
\sf@top=\skip57
\sf@bottom=\skip58
) ("D:\Program Files\CTEX\MiKTeX\tex\latex\tools\longtable.sty"
Package: longtable 2004/02/01 v4.11 Multi-page Table package (DPC)
\LTleft=\skip59
\LTright=\skip60
\LTpre=\skip61
\LTpost=\skip62
\LTchunksize=\count115
\LTcapwidth=\dimen129
\LT@head=\box29
\LT@firsthead=\box30
\LT@foot=\box31
\LT@lastfoot=\box32
\LT@cols=\count116
\LT@rows=\count117
\c@LT@tables=\count118
\c@LT@chunks=\count119
\LT@p@ftn=\toks25
)
Class scrreprt Info: longtable captions redefined on input line 154.
("D:\Program Files\CTEX\MiKTeX\tex\latex\booktabs\booktabs.sty"
Package: booktabs 2005/04/14 v1.61803 publication quality tables
\heavyrulewidth=\dimen130
\lightrulewidth=\dimen131
\cmidrulewidth=\dimen132
\belowrulesep=\dimen133
\belowbottomsep=\dimen134
\aboverulesep=\dimen135
\abovetopsep=\dimen136
\cmidrulesep=\dimen137
\cmidrulekern=\dimen138
\defaultaddspace=\dimen139
\@cmidla=\count120
\@cmidlb=\count121
\@aboverulesep=\dimen140
\@belowrulesep=\dimen141
\@thisruleclass=\count122
\@lastruleclass=\count123
\@thisrulewidth=\dimen142
) ("D:\Program Files\CTEX\MiKTeX\tex\latex\listings\listings.sty"
\lst@mode=\count124
\lst@gtempboxa=\box33
\lst@token=\toks26
\lst@length=\count125
\lst@currlwidth=\dimen143
\lst@column=\count126
\lst@pos=\count127
\lst@lostspace=\dimen144
\lst@width=\dimen145
\lst@newlines=\count128
\lst@lineno=\count129
\lst@maxwidth=\dimen146
("D:\Program Files\CTEX\MiKTeX\tex\latex\listings\lstmisc.sty"
File: lstmisc.sty 2007/02/22 1.4 (Carsten Heinz)
\c@lstnumber=\count130
\lst@skipnumbers=\count131
\lst@framebox=\box34
) ("D:\Program Files\CTEX\MiKTeX\tex\latex\listings\listings.cfg"
File: listings.cfg 2007/02/22 1.4 listings configuration
))
Package: listings 2007/02/22 1.4 (Carsten Heinz)
("D:\Program Files\CTEX\MiKTeX\tex\latex\listings\lstlang1.sty"
File: lstlang1.sty 2004/09/05 1.3 listings language file
) ("D:\Program Files\CTEX\MiKTeX\tex\latex\listings\lstlang2.sty"
File: lstlang2.sty 2004/09/05 1.3 listings language file
) ("D:\Program Files\CTEX\MiKTeX\tex\latex\listings\lstlang3.sty"
File: lstlang3.sty 2004/09/05 1.3 listings language file
) ("D:\Program Files\CTEX\MiKTeX\tex\latex\listings\lstlang1.sty"
File: lstlang1.sty 2004/09/05 1.3 listings language file
) ("D:\Program Files\CTEX\MiKTeX\tex\latex\listings\lstlang2.sty"
File: lstlang2.sty 2004/09/05 1.3 listings language file
) ("D:\Program Files\CTEX\MiKTeX\tex\latex\listings\lstlang3.sty"
File: lstlang3.sty 2004/09/05 1.3 listings language file
) ("D:\Program Files\CTEX\MiKTeX\tex\latex\listings\lstlang1.sty"
File: lstlang1.sty 2004/09/05 1.3 listings language file
) ("D:\Program Files\CTEX\MiKTeX\tex\latex\listings\lstlang2.sty"
File: lstlang2.sty 2004/09/05 1.3 listings language file
) ("D:\Program Files\CTEX\MiKTeX\tex\latex\listings\lstlang3.sty"
File: lstlang3.sty 2004/09/05 1.3 listings language file
) ("D:\Program Files\CTEX\MiKTeX\tex\latex\listings\lstmisc.sty"
File: lstmisc.sty 2007/02/22 1.4 (Carsten Heinz)
) ("D:\Program Files\CTEX\MiKTeX\tex\latex\hyperref\hyperref.sty"
Package: hyperref 2012/02/06 v6.82o Hypertext links for LaTeX
("D:\Program Files\CTEX\MiKTeX\tex\generic\oberdiek\hobsub-hyperref.sty"
Package: hobsub-hyperref 2011/04/23 v1.4 Bundle oberdiek, subset hyperref (HO)
("D:\Program Files\CTEX\MiKTeX\tex\generic\oberdiek\hobsub-generic.sty"
Package: hobsub-generic 2011/04/23 v1.4 Bundle oberdiek, subset generic (HO)
Package: hobsub 2011/04/23 v1.4 Subsetting bundle oberdiek (HO)
Package hobsub Info: Skipping package `infwarerr' (already loaded).
Package hobsub Info: Skipping package `ltxcmds' (already loaded).
Package: ifluatex 2010/03/01 v1.3 Provides the ifluatex switch (HO)
Package ifluatex Info: LuaTeX not detected.
Package: ifvtex 2010/03/01 v1.5 Switches for detecting VTeX and its modes (HO)
Package ifvtex Info: VTeX not detected.
Package: intcalc 2007/09/27 v1.1 Expandable integer calculations (HO)
Package: ifpdf 2011/01/30 v2.3 Provides the ifpdf switch (HO)
Package ifpdf Info: pdfTeX in PDF mode is detected.
Package: etexcmds 2011/02/16 v1.5 Prefix for e-TeX command names (HO)
Package etexcmds Info: Could not find \expanded.
(etexcmds)             That can mean that you are not using pdfTeX 1.50 or
(etexcmds)             that some package has redefined \expanded.
(etexcmds)             In the latter case, load this package earlier.
Package: kvsetkeys 2011/04/07 v1.13 Key value parser (HO)
Package: kvdefinekeys 2011/04/07 v1.3 Defining keys (HO)
Package: pdftexcmds 2011/04/22 v0.16 Utilities of pdfTeX for LuaTeX (HO)
Package pdftexcmds Info: LuaTeX not detected.
Package pdftexcmds Info: \pdf@primitive is available.
Package pdftexcmds Info: \pdf@ifprimitive is available.
Package pdftexcmds Info: \pdfdraftmode found.
Package: pdfescape 2011/04/04 v1.12 Provides string conversions (HO)
Package: bigintcalc 2011/01/30 v1.2 Expandable big integer calculations (HO)
Package: bitset 2011/01/30 v1.1 Data type bit set (HO)
Package: uniquecounter 2011/01/30 v1.2 Provides unlimited unique counter (HO)
)
Package hobsub Info: Skipping package `hobsub' (already loaded).
Package: letltxmacro 2010/09/02 v1.4 Let assignment for LaTeX macros (HO)
Package: hopatch 2011/01/30 v1.0 Wrapper for package hooks (HO)
Package: xcolor-patch 2011/01/30 xcolor patch
Package: atveryend 2011/04/23 v1.7 Hooks at very end of document (HO)
Package: atbegshi 2011/01/30 v1.15 At begin shipout hook (HO)
Package: refcount 2010/12/01 v3.2 Data extraction from references (HO)
Package: hycolor 2011/01/30 v1.7 Color options of hyperref/bookmark (HO)
) ("D:\Program Files\CTEX\MiKTeX\tex\generic\ifxetex\ifxetex.sty"
Package: ifxetex 2010/09/12 v0.6 Provides ifxetex conditional
) ("D:\Program Files\CTEX\MiKTeX\tex\latex\oberdiek\kvoptions.sty"
Package: kvoptions 2010/12/23 v3.10 Keyval support for LaTeX options (HO)
)
\@linkdim=\dimen147
\Hy@linkcounter=\count132
\Hy@pagecounter=\count133
("D:\Program Files\CTEX\MiKTeX\tex\latex\hyperref\pd1enc.def"
File: pd1enc.def 2012/02/06 v6.82o Hyperref: PDFDocEncoding definition (HO)
)
\Hy@SavedSpaceFactor=\count134
("D:\Program Files\CTEX\MiKTeX\tex\latex\00miktex\hyperref.cfg"
File: hyperref.cfg 2002/06/06 v1.2 hyperref configuration of TeXLive
)
Package hyperref Info: Option `hyperfootnotes' set `false' on input line 3925.
Package hyperref Info: Option `pdfpagelabels' set `true' on input line 3925.
Package hyperref Info: Hyper figures OFF on input line 4046.
Package hyperref Info: Link nesting OFF on input line 4051.
Package hyperref Info: Hyper index ON on input line 4054.
Package hyperref Info: Plain pages OFF on input line 4061.
Package hyperref Info: Backreferencing OFF on input line 4066.
Package hyperref Info: Implicit mode ON; LaTeX internals redefined.
Package hyperref Info: Bookmarks ON on input line 4284.
\c@Hy@tempcnt=\count135
("D:\Program Files\CTEX\MiKTeX\tex\latex\ltxmisc\url.sty"
\Urlmuskip=\muskip11
Package: url 2006/04/12  ver 3.3  Verb mode for urls, etc.
)
LaTeX Info: Redefining \url on input line 4637.
\Fld@menulength=\count136
\Field@Width=\dimen148
\Fld@charsize=\dimen149
Package hyperref Info: Hyper figures OFF on input line 5757.
Package hyperref Info: Link nesting OFF on input line 5762.
Package hyperref Info: Hyper index ON on input line 5765.
Package hyperref Info: backreferencing OFF on input line 5772.
Package hyperref Info: Link coloring OFF on input line 5777.
Package hyperref Info: Link coloring with OCG OFF on input line 5782.
Package hyperref Info: PDF/A mode OFF on input line 5787.
LaTeX Info: Redefining \ref on input line 5827.
LaTeX Info: Redefining \pageref on input line 5831.
\Hy@abspage=\count137
\c@Item=\count138
)

Package hyperref Message: Driver: hpdftex.

("D:\Program Files\CTEX\MiKTeX\tex\latex\hyperref\hpdftex.def"
File: hpdftex.def 2012/02/06 v6.82o Hyperref driver for pdfTeX
\Fld@listcount=\count139
\c@bookmark@seq@number=\count140
("D:\Program Files\CTEX\MiKTeX\tex\latex\oberdiek\rerunfilecheck.sty"
Package: rerunfilecheck 2011/04/15 v1.7 Rerun checks for auxiliary files (HO)
Package uniquecounter Info: New unique counter `rerunfilecheck' on input line 2
82.
)
\Hy@SectionHShift=\skip63
)
Package hyperref Info: Option `colorlinks' set `true' on input line 206.
Package hyperref Info: Option `linktocpage' set `true' on input line 206.
Package hyperref Info: Option `breaklinks' set `true' on input line 206.
Package hyperref Info: Option `pageanchor' set `true' on input line 206.
Package hyperref Info: Option `plainpages' set `false' on input line 206.
Package hyperref Info: Option `bookmarksnumbered' set `true' on input line 206.

Package hyperref Info: Option `bookmarksopen' set `true' on input line 206.
Package hyperref Info: Option `hypertexnames' set `true' on input line 206.
("D:\Program Files\CTEX\MiKTeX\tex\latex\base\ifthen.sty"
Package: ifthen 2001/05/26 v1.1c Standard LaTeX ifthen package (DPC)
) (D:\googledrive\a1\bookdown-plus-textbook\style/classicthesis.sty

LaTeX Warning: You have requested package `style/classicthesis',
               but the package provides `classicthesis'.

Package: classicthesis 2011/12/17 v4.0 Typographic style for a classic-looking 
thesis
("D:\Program Files\CTEX\MiKTeX\tex\latex\xcolor\xcolor.sty"
Package: xcolor 2007/01/21 v2.11 LaTeX color extensions (UK)
("D:\Program Files\CTEX\MiKTeX\tex\latex\00miktex\color.cfg"
File: color.cfg 2007/01/18 v1.5 color configuration of teTeX/TeXLive
)
Package xcolor Info: Driver file: pdftex.def on input line 225.
Package xcolor Info: Model `cmy' substituted by `cmy0' on input line 1337.
Package xcolor Info: Model `hsb' substituted by `rgb' on input line 1341.
Package xcolor Info: Model `RGB' extended on input line 1353.
Package xcolor Info: Model `HTML' substituted by `rgb' on input line 1355.
Package xcolor Info: Model `Hsb' substituted by `hsb' on input line 1356.
Package xcolor Info: Model `tHsb' substituted by `hsb' on input line 1357.
Package xcolor Info: Model `HSB' substituted by `hsb' on input line 1358.
Package xcolor Info: Model `Gray' substituted by `gray' on input line 1359.
Package xcolor Info: Model `wave' substituted by `hsb' on input line 1360.
("D:\Program Files\CTEX\MiKTeX\tex\latex\graphics\dvipsnam.def"
File: dvipsnam.def 1999/02/16 v3.0i Driver-dependant file (DPC,SPQR)
)) ("D:\Program Files\CTEX\MiKTeX\tex\latex\psnfss\mathpazo.sty"
Package: mathpazo 2005/04/12 PSNFSS-v9.2a Palatino w/ Pazo Math (D.Puga, WaS) 
\symupright=\mathgroup4
) ("D:\Program Files\CTEX\MiKTeX\tex\latex\bera\beramono.sty"
Package: beramono 2004/01/31 (WaS)
) ("D:\Program Files\CTEX\MiKTeX\tex\latex\eulervm\eulervm.sty"
Package: eulervm 2005/01/11 v4.0 (WaS)
) ("D:\Program Files\CTEX\MiKTeX\tex\latex\microtype\microtype.sty"
Package: microtype 2010/01/10 v2.4 Micro-typography with pdfTeX (RS)
\MT@toks=\toks27
\MT@count=\count141
LaTeX Info: Redefining \lsstyle on input line 1597.
LaTeX Info: Redefining \lslig on input line 1597.
\MT@outer@space=\skip64
LaTeX Info: Redefining \textls on input line 1605.
\MT@outer@kern=\dimen150
LaTeX Info: Redefining \textmicrotypecontext on input line 2156.
Package microtype Info: Loading configuration file microtype.cfg.
("D:\Program Files\CTEX\MiKTeX\tex\latex\microtype\microtype.cfg"
File: microtype.cfg 2010/01/10 v2.4 microtype main configuration file (RS)
))
Package classicthesis Info: A4 paper, Palatino or other on input line 252.
Package typearea Info: These are the values describing the layout:
(typearea)             DIV  = areaset
(typearea)             BCOR = 14.22636pt
(typearea)             \paperwidth      = 500.76855pt
(typearea)              \textwidth      = 336.0pt
(typearea)              \evensidemargin = 28.09146pt
(typearea)              \oddsidemargin  = -7.8629pt
(typearea)             \paperheight     = 711.31897pt
(typearea)              \textheight     = 666.04997pt
(typearea)              \topmargin      = -85.16367pt
(typearea)              \headheight     = 15.95pt
(typearea)              \headsep        = 20.40001pt
(typearea)              \topskip        = 11.0pt
(typearea)              \footskip       = 47.60002pt
(typearea)              \baselineskip   = 13.6pt
(typearea)              on input line 252.
("D:\Program Files\CTEX\MiKTeX\tex\latex\textcase\textcase.sty"
Package: textcase 2004/10/07 v0.07 Text only upper/lower case changing (DPC)
)
Package classicthesis Info: Using pdftex/microtype for character spacing.Make s
ure your pdftex is version 1.40 or higher. on input line 325.
("D:\Program Files\CTEX\MiKTeX\tex\latex\koma-script\scrpage2.sty"
Package: scrpage2 2010/04/22 v2.5 LaTeX2e KOMA-Script package
LaTeX Info: Redefining \pagemark on input line 176.
) ("D:\Program Files\CTEX\MiKTeX\tex\latex\titlesec\titlesec.sty"
Package: titlesec 2011/12/15 v2.10.0 Sectioning titles
\ttl@box=\box35
\beforetitleunit=\skip65
\aftertitleunit=\skip66
\ttl@plus=\dimen151
\ttl@minus=\dimen152
\ttl@toksa=\toks28
\titlewidth=\dimen153
\titlewidthlast=\dimen154
\titlewidthfirst=\dimen155
) ("D:\Program Files\CTEX\MiKTeX\tex\latex\tocloft\tocloft.sty"
Package: tocloft 2010/10/13 v2.3e parameterised ToC, etc., typesetting
Package tocloft Info: The document has chapter divisions on input line 43.
\cftparskip=\skip67
\cftbeforetoctitleskip=\skip68
\cftaftertoctitleskip=\skip69
\cftbeforepartskip=\skip70
\cftpartnumwidth=\skip71
\cftpartindent=\skip72
\cftbeforechapskip=\skip73
\cftchapindent=\skip74
\cftchapnumwidth=\skip75
\cftbeforesecskip=\skip76
\cftsecindent=\skip77
\cftsecnumwidth=\skip78
\cftbeforesubsecskip=\skip79
\cftsubsecindent=\skip80
\cftsubsecnumwidth=\skip81
\cftbeforesubsubsecskip=\skip82
\cftsubsubsecindent=\skip83
\cftsubsubsecnumwidth=\skip84
\cftbeforeparaskip=\skip85
\cftparaindent=\skip86
\cftparanumwidth=\skip87
\cftbeforesubparaskip=\skip88
\cftsubparaindent=\skip89
\cftsubparanumwidth=\skip90
\cftbeforeloftitleskip=\skip91
\cftafterloftitleskip=\skip92
\cftbeforefigskip=\skip93
\cftfigindent=\skip94
\cftfignumwidth=\skip95
\cftbeforelottitleskip=\skip96
\cftafterlottitleskip=\skip97
\cftbeforetabskip=\skip98
\cfttabindent=\skip99
\cfttabnumwidth=\skip100
\cftbeforesubfigskip=\skip101
\cftsubfigindent=\skip102
\cftsubfignumwidth=\skip103
\cftbeforesubtabskip=\skip104
\cftsubtabindent=\skip105
\cftsubtabnumwidth=\skip106
)
\newnumberwidth=\skip107
\beforebibskip=\skip108
\newchnumberwidth=\skip109
\figurelabelwidth=\skip110
\tablelabelwidth=\skip111
\c@listings=\count142
\cftbeforelistingsskip=\skip112
\cftlistingsindent=\skip113
\cftlistingsnumwidth=\skip114
\c@loldepth=\count143
\cftbeforeloltitleskip=\skip115
\cftafterloltitleskip=\skip116
\listingslabelwidth=\skip117
Using KOMA-command "deffootnote" for footnote setup ("D:\Program Files\CTEX\MiK
TeX\tex\latex\koma-script\scrtime.sty"
Package: scrtime 2012/03/08 v3.10a KOMA-Script package (time of LaTeX run)
) ("D:\Program Files\CTEX\MiKTeX\tex\latex\ms\prelim2e.sty"
Package: prelim2e 2009/05/29 v1.3 prelim2e Package (MS)
("D:\Program Files\CTEX\MiKTeX\tex\latex\ms\everyshi.sty"
Package: everyshi 2001/05/15 v3.00 EveryShipout Package (MS)
)) ("D:\Program Files\CTEX\MiKTeX\tex\latex\carlisle\remreset.sty")) ("D:\Progr
am Files\CTEX\MiKTeX\tex\latex\fancyvrb\fancyvrb.sty"
Package: fancyvrb 2008/02/07

Style option: `fancyvrb' v2.7a, with DG/SPQR fixes, and firstline=lastline fix 
<2008/02/07> (tvz)
\FV@CodeLineNo=\count144
\FV@InFile=\read1
\FV@TabBox=\box36
\c@FancyVerbLine=\count145
\FV@StepNumber=\count146
\FV@OutFile=\write3
) ("D:\Program Files\CTEX\MiKTeX\tex\latex\framed\framed.sty"
Package: framed 2007/10/04 v 0.95: framed or shaded text with page breaks
\fb@frw=\dimen156
\fb@frh=\dimen157
\FrameRule=\dimen158
\FrameSep=\dimen159
) ("D:\Program Files\CTEX\MiKTeX\tex\latex\ams\classes\amsthm.sty"
Package: amsthm 2004/08/06 v2.20
\thm@style=\toks29
\thm@bodyfont=\toks30
\thm@headfont=\toks31
\thm@notefont=\toks32
\thm@headpunct=\toks33
\thm@preskip=\skip118
\thm@postskip=\skip119
\thm@headsep=\skip120
\dth@everypar=\toks34
)
\c@theorem=\count147
\c@lemma=\count148
\c@definition=\count149
\c@corollary=\count150
\c@proposition=\count151
\c@example=\count152
(D:\googledrive\a1\bookdown-plus-textbook\bookdown-plus.aux)
LaTeX Font Info:    Checking defaults for OML/cmm/m/it on input line 348.
LaTeX Font Info:    ... okay on input line 348.
LaTeX Font Info:    Checking defaults for T1/cmr/m/n on input line 348.
LaTeX Font Info:    ... okay on input line 348.
LaTeX Font Info:    Checking defaults for OT1/cmr/m/n on input line 348.
LaTeX Font Info:    ... okay on input line 348.
LaTeX Font Info:    Checking defaults for OMS/cmsy/m/n on input line 348.
LaTeX Font Info:    ... okay on input line 348.
LaTeX Font Info:    Checking defaults for OMX/cmex/m/n on input line 348.
LaTeX Font Info:    ... okay on input line 348.
LaTeX Font Info:    Checking defaults for U/cmr/m/n on input line 348.
LaTeX Font Info:    ... okay on input line 348.
LaTeX Font Info:    Checking defaults for PD1/pdf/m/n on input line 348.
LaTeX Font Info:    ... okay on input line 348.
LaTeX Font Info:    Try loading font information for T1+pplj on input line 348.

("D:\Program Files\CTEX\MiKTeX\tex\latex\psnfss\t1pplj.fd"
File: t1pplj.fd 2004/09/06 font definitions for T1/pplj.
) ("D:\Program Files\CTEX\MiKTeX\tex\context\base\supp-pdf.mkii"
[Loading MPS to PDF converter (version 2006.09.02).]
\scratchcounter=\count153
\scratchdimen=\dimen160
\scratchbox=\box37
\nofMPsegments=\count154
\nofMParguments=\count155
\everyMPshowfont=\toks35
\MPscratchCnt=\count156
\MPscratchDim=\dimen161
\MPnumerator=\count157
\makeMPintoPDFobject=\count158
\everyMPtoPDFconversion=\toks36
)
Package caption Info: Begin \AtBeginDocument code.
Package caption Info: subfig package v1.3 is loaded.
Package caption Info: hyperref package is loaded.
Package caption Info: listings package is loaded.
Package caption Info: longtable package is loaded.
("D:\Program Files\CTEX\MiKTeX\tex\latex\caption\ltcaption.sty"
Package: ltcaption 2011/09/12 v1.3 longtable captions (AR)
)
Package caption Info: End \AtBeginDocument code.
\c@lstlisting=\count159
\AtBeginShipoutBox=\box38
Package hyperref Info: Link coloring ON on input line 348.
("D:\Program Files\CTEX\MiKTeX\tex\latex\hyperref\nameref.sty"
Package: nameref 2010/04/30 v2.40 Cross-referencing by name of section
("D:\Program Files\CTEX\MiKTeX\tex\generic\oberdiek\gettitlestring.sty"
Package: gettitlestring 2010/12/03 v1.4 Cleanup title references (HO)
)
\c@section@level=\count160
)
LaTeX Info: Redefining \ref on input line 348.
LaTeX Info: Redefining \pageref on input line 348.
LaTeX Info: Redefining \nameref on input line 348.
(D:\googledrive\a1\bookdown-plus-textbook\bookdown-plus.out) (D:\googledrive\a1
\bookdown-plus-textbook\bookdown-plus.out)
\@outlinefile=\write4
LaTeX Info: Redefining \microtypecontext on input line 348.
Package microtype Info: Generating PDF output.
Package microtype Info: Character protrusion enabled (level 2).
Package microtype Info: Using default protrusion set `alltext'.
Package microtype Info: No font expansion.
Package microtype Info: No tracking.
Package microtype Info: No adjustment of interword spacing.
Package microtype Info: No adjustment of character kerning.
("D:\Program Files\CTEX\MiKTeX\tex\latex\microtype\mt-ppl.cfg"
File: mt-ppl.cfg 2005/11/16 v1.6 microtype config. file: Palatino (RS)
) ABD: EveryShipout initializing macros <images/bookdownplus-logo.pdf, id=187, 
199.22429pt x 99.7326pt>
File: images/bookdownplus-logo.pdf Graphic file (type pdf)
<use images/bookdownplus-logo.pdf>
Package pdftex.def Info: images/bookdownplus-logo.pdf used on input line 390.
(pdftex.def)             Requested size: 170.71652pt x 85.46246pt.
LaTeX Font Info:    Try loading font information for T1+fvm on input line 405.
("D:\Program Files\CTEX\MiKTeX\tex\latex\bera\t1fvm.fd"
File: t1fvm.fd 2004/09/07 scalable font definitions for T1/fvm.
)
LaTeX Font Info:    Font shape `T1/fvm/m/n' will be
(Font)              scaled to size 7.65005pt on input line 405.
[1



{D:/Program Files/CTEX/UserData/pdftex/config/pdftex.map{Unicode.sfd}{UGBK.sfd}
} <D:/googledrive/a1/bookdown-plus-textbook/images/bookdownplus-logo.pdf>] [2


]
Package tocbasic Info: character protrusion at toc deactivated on input line 43
4.
(D:\googledrive\a1\bookdown-plus-textbook\bookdown-plus.toc
Package microtype Info: Character `029' is missing
(microtype)             in font `T1/pplj/m/sc/10.95'.
(microtype)             Ignoring protrusion settings for this character.
LaTeX Font Info:    Font shape `T1/fvm/m/n' will be
(Font)              scaled to size 9.30756pt on input line 7.
LaTeX Font Info:    Try loading font information for U+zeur on input line 42.
("D:\Program Files\CTEX\MiKTeX\tex\latex\eulervm\uzeur.fd"
File: uzeur.fd 2005/01/11 v4.0 (WaS)
) ("D:\Program Files\CTEX\MiKTeX\tex\latex\microtype\mt-eur.cfg"
File: mt-eur.cfg 2006/07/31 v1.1 microtype config. file: AMS Euler Roman (RS)
)
LaTeX Font Info:    Try loading font information for U+zeus on input line 42.
("D:\Program Files\CTEX\MiKTeX\tex\latex\eulervm\uzeus.fd"
File: uzeus.fd 2005/01/11 v4.0 (WaS)
) ("D:\Program Files\CTEX\MiKTeX\tex\latex\microtype\mt-eus.cfg"
File: mt-eus.cfg 2006/07/28 v1.2 microtype config. file: AMS Euler Script (RS)
)
LaTeX Font Info:    Try loading font information for U+zeuex on input line 42.
("D:\Program Files\CTEX\MiKTeX\tex\latex\eulervm\uzeuex.fd"
File: uzeuex.fd 2005/01/11 v4.0 (WaS)
)
LaTeX Font Info:    Try loading font information for OT1+zplm on input line 42.

("D:\Program Files\CTEX\MiKTeX\tex\latex\psnfss\ot1zplm.fd"
File: ot1zplm.fd 2002/09/08 Fontinst v1.914 font definitions for OT1/zplm.
) [3])
\tf@toc=\write5
[4]
Package tocbasic Info: character protrusion at lof deactivated on input line 45
4.
(D:\googledrive\a1\bookdown-plus-textbook\bookdown-plus.lof
Overfull \hbox (9.5557pt too wide) in paragraph at lines 5--5
 [][] []\T1/pplj/m/n/10.95 A cake. How should I cut it in a right way? []  
 []

)
\tf@lof=\write6
[5

]
Package tocbasic Info: character protrusion at lot deactivated on input line 46
7.
(D:\googledrive\a1\bookdown-plus-textbook\bookdown-plus.lot)
\tf@lot=\write7
[6] (D:\googledrive\a1\bookdown-plus-textbook\bookdown-plus.lol)
\tf@lol=\write8
[7]
LaTeX Font Info:    Font shape `T1/pplj/bx/n' in size <10.95> not available
(Font)              Font shape `T1/pplj/b/n' tried instead on input line 497.
LaTeX Font Info:    Try loading font information for T1+cmss on input line 497.

("D:\Program Files\CTEX\MiKTeX\tex\latex\base\t1cmss.fd"
File: t1cmss.fd 1999/05/25 v2.5h Standard LaTeX font definitions
) [8] [1






] [2


] [3] [4]
Chapter 1.

Class scrreprt Warning: \float@addtolists detected!
(scrreprt)              You should use the features of package `tocbasic'
(scrreprt)              instead of \float@addtolists.
(scrreprt)              Support for \float@addtolists may be removed from
(scrreprt)              `scrreprt' soon .


LaTeX Font Warning: Font shape `T1/fvm/m/sc' undefined
(Font)              using `T1/fvm/m/n' instead on input line 526.

LaTeX Font Info:    Try loading font information for OMS+pplj on input line 539
.
LaTeX Font Info:    No file OMSpplj.fd. on input line 539.

LaTeX Font Warning: Font shape `OMS/pplj/m/n' undefined
(Font)              using `OMS/cmsy/m/n' instead
(Font)              for symbol `textbullet' on input line 539.

LaTeX Font Info:    Font shape `T1/pplj/m/sl' in size <10.95> not available
(Font)              Font shape `T1/pplj/m/it' tried instead on input line 553.
LaTeX Font Info:    Font shape `T1/pplj/m/sl' in size <9> not available
(Font)              Font shape `T1/pplj/m/it' tried instead on input line 553.
LaTeX Font Info:    Font shape `T1/fvm/m/sc' will be
(Font)              scaled to size 9.30756pt on input line 556.
LaTeX Font Info:    Font shape `T1/pplj/bx/it' in size <10.95> not available
(Font)              Font shape `T1/pplj/b/it' tried instead on input line 561.
<images/cake.jpg, id=381, 355.3275pt x 509.905pt>
File: images/cake.jpg Graphic file (type jpg)
<use images/cake.jpg>
Package pdftex.def Info: images/cake.jpg used on input line 570.
(pdftex.def)             Requested size: 168.0pt x 241.08699pt.
[5


] [6 <D:/googledrive/a1/bookdown-plus-textbook/images/cake.jpg>] [7] [8


]
Chapter 2.
LaTeX Font Info:    Font shape `T1/fvm/bx/n' in size <10.95> not available
(Font)              Font shape `T1/fvm/b/n' tried instead on input line 684.
LaTeX Font Info:    Font shape `T1/fvm/b/n' will be
(Font)              scaled to size 9.30756pt on input line 684.
[9]
Overfull \hbox (14.18639pt too wide) in paragraph at lines 727--731
[]\T1/pplj/m/n/10.95 Open \T1/fvm/m/sc/10.95 bookdownplus.Rproj \T1/pplj/m/n/10
.95 with RStu-dio. Now press \T1/fvm/m/sc/10.95 ctrl+shift+b
 []

[10]
Chapter 3.

Overfull \hbox (2.42241pt too wide) in paragraph at lines 748--756
\T1/fvm/m/sc/10.95 bookdownplus \T1/pplj/m/n/10.95 is based of \T1/fvm/m/sc/10.
95 bookdown\T1/pplj/m/n/10.95 , which is based on \T1/fvm/m/sc/10.95 markdown\T
1/pplj/m/n/10.95 . Mark-
 []

[11


] [12] [13] [14]
Overfull \hbox (35.49252pt too wide) in paragraph at lines 934--934
[]\T1/fvm/m/sc/10.95 I like Eq. \\eqref{eq:mc2} so much that I am falling love 
with her.[] 
 []

[15] [16


]
Chapter 4.
[17] [18


]
Chapter 5.
[19] [20


]
Chapter 6.
[21] [22


] [23] [24]
Chapter 7.

Overfull \hbox (4.69695pt too wide) in paragraph at lines 946--948
\T1/pplj/m/n/10.95 You can write a lab-o-ra-tory jour-nal or a per-sonal di-ary
 with the \T1/fvm/m/sc/10.95 journal
 []


Overfull \hbox (3.90927pt too wide) in paragraph at lines 966--970
[]\T1/pplj/m/n/10.95 In your work-ing di-rec-tory you could now open \T1/fvm/m/
sc/10.95 bookdownplus.Rproj
 []

<images/journal_cropped.png, id=507, 486.81876pt x 749.80125pt>
File: images/journal_cropped.png Graphic file (type png)
<use images/journal_cropped.png>
Package pdftex.def Info: images/journal_cropped.png used on input line 973.
(pdftex.def)             Requested size: 268.80103pt x 414.00514pt.

Overfull \hbox (10.80511pt too wide) in paragraph at lines 980--983
\T1/pplj/m/n/10.95 own jour-nal book. You could re-vise the ti-tle and au-thor 
list in \T1/fvm/m/sc/10.95 index.Rmd\T1/pplj/m/n/10.95 . 
 []


Overfull \hbox (25.00926pt too wide) in paragraph at lines 987--990
[]\T1/pplj/m/n/10.95 The \T1/fvm/m/sc/10.95 journal \T1/pplj/m/n/10.95 tem-plat
e is built on the ba-sis of the La-TeX class \T1/fvm/m/sc/10.95 labbook.cls
 []

[25


] [26 <D:/googledrive/a1/bookdown-plus-textbook/images/journal_cropped.png>]
Chapter 8.

Overfull \hbox (3.90927pt too wide) in paragraph at lines 1014--1018
[]\T1/pplj/m/n/10.95 In your work-ing di-rec-tory you could now open \T1/fvm/m/
sc/10.95 bookdownplus.Rproj
 []


Overfull \hbox (3.58908pt too wide) in paragraph at lines 1019--1022
\T1/pplj/m/n/10.95 own poem book. You could re-vise the ti-tle and au-thor list
 in \T1/fvm/m/sc/10.95 index.Rmd\T1/pplj/m/n/10.95 . 
 []

<images/poem_cropped.png, id=517, 216.81pt x 369.88188pt>
File: images/poem_cropped.png Graphic file (type png)
<use images/poem_cropped.png>
Package pdftex.def Info: images/poem_cropped.png used on input line 1029.
(pdftex.def)             Requested size: 268.80103pt x 458.6375pt.
[27


] [28 <D:/googledrive/a1/bookdown-plus-textbook/images/poem_cropped.png>]
Chapter 9.

Overfull \hbox (3.90927pt too wide) in paragraph at lines 1061--1065
[]\T1/pplj/m/n/10.95 In your work-ing di-rec-tory you could now open \T1/fvm/m/
sc/10.95 bookdownplus.Rproj
 []


Overfull \hbox (42.85416pt too wide) in paragraph at lines 1070--1080
\T1/pplj/m/n/10.95 nor chord'. These marks are pre-defined by users in \T1/fvm/
m/sc/10.95 tex/template_guitar.tex\T1/pplj/m/n/10.95 .
 []

<images/guitar_cropped.png, id=528, 432.61626pt x 614.79688pt>
File: images/guitar_cropped.png Graphic file (type png)
<use images/guitar_cropped.png>
Package pdftex.def Info: images/guitar_cropped.png used on input line 1083.
(pdftex.def)             Requested size: 268.80103pt x 382.0144pt.
[29


] [30 <D:/googledrive/a1/bookdown-plus-textbook/images/guitar_cropped.png>] [31


] [32]
Chapter 10.

Overfull \hbox (0.84937pt too wide) in paragraph at lines 1092--1092
[]\chapterNumber 10 
 []


Overfull \hbox (5.48251pt too wide) in paragraph at lines 1094--1100
\T1/pplj/m/n/10.95 There are two types of mail tem-plates avail-able in \T1/fvm
/m/sc/10.95 bookdownplus 1.0.2\T1/pplj/m/n/10.95 :
 []


Overfull \hbox (0.8691pt too wide) in paragraph at lines 1126--1130
\T1/pplj/m/n/10.95 note-size'', ``small'', ``nor-mal-size'', ``large'', ``Large
'', ``LARGE'', ``huge'',
 []


Overfull \hbox (3.90927pt too wide) in paragraph at lines 1131--1135
[]\T1/pplj/m/n/10.95 In your work-ing di-rec-tory you could now open \T1/fvm/m/
sc/10.95 bookdownplus.Rproj
 []

<images/mail_cropped.png, id=547, 498.86375pt x 615.29875pt>
File: images/mail_cropped.png Graphic file (type png)
<use images/mail_cropped.png>
Package pdftex.def Info: images/mail_cropped.png used on input line 1140.
(pdftex.def)             Requested size: 268.80103pt x 331.54283pt.
[33


] [34 <D:/googledrive/a1/bookdown-plus-textbook/images/mail_cropped.png>]
Chapter 11.

Overfull \hbox (0.84937pt too wide) in paragraph at lines 1147--1147
[]\chapterNumber 11 
 []


Overfull \hbox (3.90927pt too wide) in paragraph at lines 1161--1165
[]\T1/pplj/m/n/10.95 In your work-ing di-rec-tory you could now open \T1/fvm/m/
sc/10.95 bookdownplus.Rproj
 []

<images/calendar.png, id=557, 845.1575pt x 597.73312pt>
File: images/calendar.png Graphic file (type png)
<use images/calendar.png>
Package pdftex.def Info: images/calendar.png used on input line 1168.
(pdftex.def)             Requested size: 336.0pt x 237.63882pt.
[35


] [36 <D:/googledrive/a1/bookdown-plus-textbook/images/calendar.png>] [37


] [38]
Chapter 12.

Overfull \hbox (0.84937pt too wide) in paragraph at lines 1182--1182
[]\chapterNumber 12 
 []


Overfull \hbox (3.90927pt too wide) in paragraph at lines 1213--1217
[]\T1/pplj/m/n/10.95 In your work-ing di-rec-tory you could now open \T1/fvm/m/
sc/10.95 bookdownplus.Rproj
 []

<images/article_cropped.png, id=576, 516.93124pt x 697.60625pt>
File: images/article_cropped.png Graphic file (type png)
<use images/article_cropped.png>
Package pdftex.def Info: images/article_cropped.png used on input line 1224.
(pdftex.def)             Requested size: 268.80103pt x 362.75734pt.
[39


] [40 <D:/googledrive/a1/bookdown-plus-textbook/images/article_cropped.png>]
Chapter 13.

Overfull \hbox (0.84937pt too wide) in paragraph at lines 1240--1240
[]\chapterNumber 13 
 []


Overfull \hbox (3.90927pt too wide) in paragraph at lines 1253--1257
[]\T1/pplj/m/n/10.95 In your work-ing di-rec-tory you could now open \T1/fvm/m/
sc/10.95 bookdownplus.Rproj
 []

<images/thesis-ubt_cropped.png, id=587, 440.64626pt x 581.67313pt>
File: images/thesis-ubt_cropped.png Graphic file (type png)
<use images/thesis-ubt_cropped.png>
Package pdftex.def Info: images/thesis-ubt_cropped.png used on input line 1264.

(pdftex.def)             Requested size: 268.80103pt x 354.83784pt.

Overfull \hbox (42.03737pt too wide) in paragraph at lines 1283--1287
[]\T1/pplj/m/n/10.95 Open \T1/fvm/m/sc/10.95 tex/template_thesis_ubt.tex \T1/pp
lj/m/n/10.95 with a text ed-i-tor (e.g. NotePad++).
 []

[41


] [42 <D:/googledrive/a1/bookdown-plus-textbook/images/thesis-ubt_cropped.png>]

Overfull \hbox (0.41911pt too wide) in paragraph at lines 1314--1318
[]\T1/pplj/m/n/10.95 Numerious uni-ver-si-ties and in-sti-tutes pro-vide their 
own La-TeX tem-
 []


Overfull \hbox (28.06276pt too wide) in paragraph at lines 1314--1318
\T1/pplj/m/n/10.95 plates for the-sis. Al-though I will add more the-sis tem-pl
ates to \T1/fvm/m/sc/10.95 bookdownplus
 []

[43] [44


]
Chapter 14.

Overfull \hbox (0.84937pt too wide) in paragraph at lines 1319--1319
[]\chapterNumber 14 
 []

<images/poster-eco.jpg, id=612, 401.5pt x 490.83376pt>
File: images/poster-eco.jpg Graphic file (type jpg)
<use images/poster-eco.jpg>
Package pdftex.def Info: images/poster-eco.jpg used on input line 1323.
(pdftex.def)             Requested size: 268.80103pt x 328.63222pt.
<images/poster-ocean.jpg, id=613, 401.5pt x 490.83376pt>
File: images/poster-ocean.jpg Graphic file (type jpg)
<use images/poster-ocean.jpg>
Package pdftex.def Info: images/poster-ocean.jpg used on input line 1332.
(pdftex.def)             Requested size: 268.80103pt x 328.63222pt.
<images/poster-rose.jpg, id=614, 401.5pt x 490.83376pt>
File: images/poster-rose.jpg Graphic file (type jpg)
<use images/poster-rose.jpg>
Package pdftex.def Info: images/poster-rose.jpg used on input line 1341.
(pdftex.def)             Requested size: 268.80103pt x 328.63222pt.
[45] [46 <D:/googledrive/a1/bookdown-plus-textbook/images/poster-eco.jpg>] [47 
<D:/googledrive/a1/bookdown-plus-textbook/images/poster-ocean.jpg>] [48 <D:/goo
gledrive/a1/bookdown-plus-textbook/images/poster-rose.jpg>]
Chapter 15.

Overfull \hbox (0.84937pt too wide) in paragraph at lines 1348--1348
[]\chapterNumber 15 
 []

<images/chemistry_cropped.png, id=632, 367.87437pt x 346.79562pt>
File: images/chemistry_cropped.png Graphic file (type png)
<use images/chemistry_cropped.png>
Package pdftex.def Info: images/chemistry_cropped.png used on input line 1352.
(pdftex.def)             Requested size: 268.80103pt x 253.41798pt.
[49


] [50 <D:/googledrive/a1/bookdown-plus-textbook/images/chemistry_cropped.png>] 
[51


] [52]
Chapter 16.

Overfull \hbox (0.84937pt too wide) in paragraph at lines 1361--1361
[]\chapterNumber 16 
 []

<images/article-zh_cropped.png, id=649, 429.605pt x 685.05937pt>
File: images/article-zh_cropped.png Graphic file (type png)
<use images/article-zh_cropped.png>
Package pdftex.def Info: images/article-zh_cropped.png used on input line 1365.

(pdftex.def)             Requested size: 268.80103pt x 428.64189pt.
<images/thesis-zju_cropped.png, id=650, 469.755pt x 707.64375pt>
File: images/thesis-zju_cropped.png Graphic file (type png)
<use images/thesis-zju_cropped.png>
Package pdftex.def Info: images/thesis-zju_cropped.png used on input line 1374.

(pdftex.def)             Requested size: 268.80103pt x 404.9268pt.
[53


] [54 <D:/googledrive/a1/bookdown-plus-textbook/images/article-zh_cropped.png>]
[55 <D:/googledrive/a1/bookdown-plus-textbook/images/thesis-zju_cropped.png>] [
56


]
Chapter 17.

Overfull \hbox (0.84937pt too wide) in paragraph at lines 1381--1381
[]\chapterNumber 17 
 []

[57] [58


]
Chapter 18.

Overfull \hbox (0.84937pt too wide) in paragraph at lines 1383--1383
[]\chapterNumber 18 
 []

[59] [60


]
Chapter 19.

Overfull \hbox (0.84937pt too wide) in paragraph at lines 1385--1385
[]\chapterNumber 19 
 []

(D:\googledrive\a1\bookdown-plus-textbook\bookdown-plus.bbl [61] [62


]) [63]
Package atveryend Info: Empty hook `BeforeClearDocument' on input line 1404.
Package atveryend Info: Empty hook `AfterLastShipout' on input line 1404.
(D:\googledrive\a1\bookdown-plus-textbook\bookdown-plus.aux)
Package atveryend Info: Executing hook `AtVeryEndDocument' on input line 1404.
Package atveryend Info: Executing hook `AtEndAfterFileList' on input line 1404.

Package rerunfilecheck Info: File `bookdown-plus.out' has not changed.
(rerunfilecheck)             Checksum: E878704295078A96CB8C548071494042;2624.

LaTeX Font Warning: Some font shapes were not available, defaults substituted.

 ) 
Here is how much of TeX's memory you used:
 15364 strings out of 494045
 233894 string characters out of 3148017
 496852 words of memory out of 3000000
 18130 multiletter control sequences out of 15000+200000
 84968 words of font info for 123 fonts, out of 3000000 for 9000
 715 hyphenation exceptions out of 8191
 42i,13n,67p,496b,559s stack positions out of 5000i,500n,10000p,200000b,50000s
{D:/Program Files/CTEX/MiKTeX/fonts/enc/dvips/fontname/8r.enc}<D:/Program Fil
es/CTEX/MiKTeX/fonts/type1/public/amsfonts/cm/cmsy10.pfb><D:/Program Files/CTEX
/MiKTeX/fonts/type1/public/amsfonts/euler/eufm10.pfb><D:/Program Files/CTEX/MiK
TeX/fonts/type1/public/amsfonts/euler/eurb10.pfb><D:/Program Files/CTEX/MiKTeX/
fonts/type1/public/amsfonts/euler/eurm10.pfb><D:/Program Files/CTEX/MiKTeX/font
s/type1/public/amsfonts/euler/eurm7.pfb><D:/Program Files/CTEX/MiKTeX/fonts/typ
e1/public/fpl/fplrc8a.pfb><D:/Program Files/CTEX/MiKTeX/fonts/type1/public/fpl/
fplrij8a.pfb><D:/Program Files/CTEX/MiKTeX/fonts/type1/bera/fvmb8a.pfb><D:/Prog
ram Files/CTEX/MiKTeX/fonts/type1/bera/fvmr8a.pfb><D:/Program Files/CTEX/MiKTeX
/fonts/type1/urw/palatino/uplb8a.pfb><D:/Program Files/CTEX/MiKTeX/fonts/type1/
urw/palatino/uplbi8a.pfb><D:/Program Files/CTEX/MiKTeX/fonts/type1/urw/palatino
/uplr8a.pfb><D:/Program Files/CTEX/MiKTeX/fonts/type1/urw/palatino/uplri8a.pfb>
Output written on bookdown-plus.pdf (71 pages, 1633671 bytes).
PDF statistics:
 779 PDF objects out of 1000 (max. 8388607)
 163 named destinations out of 1000 (max. 500000)
 18876 words of extra memory for PDF output out of 20736 (max. 10000000)

